\BOOKMARK [-1][-]{part.1}{I LASER PHYSICS}{}% 1
\BOOKMARK [0][-]{chapter.1.1}{Introduction}{part.1}% 2
\BOOKMARK [1][-]{section.1.1.1}{Introduction to lasers}{chapter.1.1}% 3
\BOOKMARK [0][-]{chapter.1.2}{Einstein's rate equations}{part.1}% 4
\BOOKMARK [1][-]{section.1.2.1}{Apply the 3 processess}{chapter.1.2}% 5
\BOOKMARK [1][-]{section.1.2.2}{Steady State Solution}{chapter.1.2}% 6
\BOOKMARK [1][-]{section.1.2.3}{Number of photons per mode}{chapter.1.2}% 7
\BOOKMARK [0][-]{chapter.1.3}{Linewidths and Lineshapes}{part.1}% 8
\BOOKMARK [1][-]{section.1.3.1}{Homogeneous Broadening}{chapter.1.3}% 9
\BOOKMARK [1][-]{section.1.3.2}{Inhomogeneous Broadening}{chapter.1.3}% 10
\BOOKMARK [0][-]{chapter.1.4}{Amplification by Stimulated Emission}{part.1}% 11
\BOOKMARK [1][-]{section.1.4.1}{Homogeneous broadening}{chapter.1.4}% 12
\BOOKMARK [0][-]{chapter.1.5}{The Laser Oscillator: Cavity Basics and Threshold}{part.1}% 13
\BOOKMARK [1][-]{section.1.5.1}{General Cavity Design}{chapter.1.5}% 14
\BOOKMARK [1][-]{section.1.5.2}{Longitudinal Cavity Modes}{chapter.1.5}% 15
\BOOKMARK [1][-]{section.1.5.3}{Cavity Losses}{chapter.1.5}% 16
\BOOKMARK [1][-]{section.1.5.4}{Cavity Lifetime}{chapter.1.5}% 17
\BOOKMARK [1][-]{section.1.5.5}{Threshold Condition}{chapter.1.5}% 18
\BOOKMARK [0][-]{chapter.1.6}{The Laser Oscillator: Oscillation and Gain Saturation}{part.1}% 19
\BOOKMARK [1][-]{section.1.6.1}{Gain Saturation}{chapter.1.6}% 20
\BOOKMARK [0][-]{chapter.1.7}{Multimode lasing and output power}{part.1}% 21
\BOOKMARK [1][-]{section.1.7.1}{Optimum Output Coupling}{chapter.1.7}% 22
\BOOKMARK [0][-]{chapter.1.8}{Requirements for Population Inversion}{part.1}% 23
\BOOKMARK [1][-]{section.1.8.1}{Condition for Steady State Population Inversion}{chapter.1.8}% 24
\BOOKMARK [1][-]{section.1.8.2}{Three and Four Level Lasers}{chapter.1.8}% 25
\BOOKMARK [2][-]{subsection.1.8.2.1}{Traditional Solid State Three-level Laser}{section.1.8.2}% 26
\BOOKMARK [2][-]{subsection.1.8.2.2}{Gas lasers}{section.1.8.2}% 27
\BOOKMARK [2][-]{subsection.1.8.2.3}{Solid state and dye lasers}{section.1.8.2}% 28
\BOOKMARK [2][-]{subsection.1.8.2.4}{General comments}{section.1.8.2}% 29
\BOOKMARK [1][-]{section.1.8.3}{Three-Level Traditional Solid State Lasers}{chapter.1.8}% 30
\BOOKMARK [0][-]{chapter.1.9}{Population Inversion in Four-level lasers}{part.1}% 31
\BOOKMARK [1][-]{section.1.9.1}{Idealised Four-level laser}{chapter.1.9}% 32
\BOOKMARK [1][-]{section.1.9.2}{Comparison of three- and four-level laser schemes}{chapter.1.9}% 33
\BOOKMARK [0][-]{chapter.1.10}{Population Inversion in Three-level Gas Lasers}{part.1}% 34
\BOOKMARK [0][-]{chapter.1.11}{The Fabry-Perot Etalon and Laser Cavity Modes}{part.1}% 35
\BOOKMARK [1][-]{section.1.11.1}{The Fabry-Perot Elaton}{chapter.1.11}% 36
\BOOKMARK [2][-]{subsection.1.11.1.1}{Path different between succesive rays}{section.1.11.1}% 37
\BOOKMARK [2][-]{subsection.1.11.1.2}{Transmitted amplitude}{section.1.11.1}% 38
\BOOKMARK [2][-]{subsection.1.11.1.3}{Transmitted Intensity}{section.1.11.1}% 39
\BOOKMARK [2][-]{subsection.1.11.1.4}{Points to note}{section.1.11.1}% 40
\BOOKMARK [1][-]{section.1.11.2}{Laser Cavities}{chapter.1.11}% 41
\BOOKMARK [0][-]{chapter.1.12}{Gaussian Beams and Cavity Stability}{part.1}% 42
\BOOKMARK [1][-]{section.1.12.1}{Propagation of Gaussian beams}{chapter.1.12}% 43
\BOOKMARK [1][-]{section.1.12.2}{Finding the mode shape for a cavity}{chapter.1.12}% 44
\BOOKMARK [1][-]{section.1.12.3}{Mode Volume}{chapter.1.12}% 45
\BOOKMARK [0][-]{chapter.1.13}{Cavity Effects: Single Frequency Operation}{part.1}% 46
\BOOKMARK [1][-]{section.1.13.1}{Inhomogeneous - spectral hole burning}{chapter.1.13}% 47
\BOOKMARK [1][-]{section.1.13.2}{Homogeneous - Spatial Hole Burning}{chapter.1.13}% 48
\BOOKMARK [1][-]{section.1.13.3}{External Cavity Diode Laser}{chapter.1.13}% 49
\BOOKMARK [1][-]{section.1.13.4}{Practical Limit}{chapter.1.13}% 50
\BOOKMARK [0][-]{chapter.1.14}{Pulsed Lasers}{part.1}% 51
\BOOKMARK [1][-]{section.1.14.1}{Mode Locking}{chapter.1.14}% 52
\BOOKMARK [2][-]{subsection.1.14.1.1}{Repetition Rate}{section.1.14.1}% 53
\BOOKMARK [2][-]{subsection.1.14.1.2}{Pulse Duration}{section.1.14.1}% 54
\BOOKMARK [2][-]{subsection.1.14.1.3}{Maximum Intensity}{section.1.14.1}% 55
\BOOKMARK [2][-]{subsection.1.14.1.4}{Examples}{section.1.14.1}% 56
\BOOKMARK [1][-]{section.1.14.2}{Q Switching}{chapter.1.14}% 57
\BOOKMARK [0][-]{chapter.1.15}{Nonlinear Optics}{part.1}% 58
\BOOKMARK [1][-]{section.1.15.1}{Second Order Effects}{chapter.1.15}% 59
\BOOKMARK [2][-]{subsection.1.15.1.1}{Second Harmonic Generation}{section.1.15.1}% 60
\BOOKMARK [1][-]{section.1.15.2}{Third Order Polarisation}{chapter.1.15}% 61
\BOOKMARK [2][-]{subsection.1.15.2.1}{Third Harmonic Generation}{section.1.15.2}% 62
\BOOKMARK [1][-]{section.1.15.3}{Intensity Dependent Refractive Index}{chapter.1.15}% 63
\BOOKMARK [-1][-]{part.2}{II Quantum Information and Computing}{}% 64
\BOOKMARK [0][-]{chapter.2.1}{}{part.2}% 65
\BOOKMARK [1][-]{section.2.1.1}{What is a quantum computer?}{chapter.2.1}% 66
\BOOKMARK [0][-]{chapter.2.2}{}{part.2}% 67
\BOOKMARK [1][-]{section.2.2.1}{DiVincenzo Criteria}{chapter.2.2}% 68
\BOOKMARK [1][-]{section.2.2.2}{Why Quantum Computing?}{chapter.2.2}% 69
\BOOKMARK [0][-]{chapter.2.3}{Two-level quantum mechanics}{part.2}% 70
\BOOKMARK [1][-]{section.2.3.1}{Single-qubit gates}{chapter.2.3}% 71
